[36mvite v5.4.21 [32mbuilding for production...[36m[39m
transforming...
[32m✓[39m 15 modules transformed.
[31mx[39m Build failed in 105ms
[31merror during build:
[31m[vite:esbuild] Transform failed with 1 error:
C:/Users/ASUS/OneDrive/Desktop/ctf project/frontend/src/screens/VotingScreen.jsx:460:9: ERROR: Expected ")" but found "{"[31m
file: [36mC:/Users/ASUS/OneDrive/Desktop/ctf project/frontend/src/screens/VotingScreen.jsx:460:9[31m
[33m
[33mExpected ")" but found "{"[33m
458|  
459|      </div> {/* end outer flex */}
460|    </div> {/* end screen-center */}
   |           ^
461|    );
462|  }
[31m
    at failureErrorWithLog (C:\Users\ASUS\OneDrive\Desktop\ctf project\frontend\node_modules\esbuild\lib\main.js:1472:15)
    at C:\Users\ASUS\OneDrive\Desktop\ctf project\frontend\node_modules\esbuild\lib\main.js:755:50
    at responseCallbacks.<computed> (C:\Users\ASUS\OneDrive\Desktop\ctf project\frontend\node_modules\esbuild\lib\main.js:622:9)
    at handleIncomingPacket (C:\Users\ASUS\OneDrive\Desktop\ctf project\frontend\node_modules\esbuild\lib\main.js:677:12)
    at Socket.readFromStdout (C:\Users\ASUS\OneDrive\Desktop\ctf project\frontend\node_modules\esbuild\lib\main.js:600:7)
    at Socket.emit (node:events:508:28)
    at addChunk (node:internal/streams/readable:563:12)
    at readableAddChunkPushByteMode (node:internal/streams/readable:514:3)
    at Readable.push (node:internal/streams/readable:394:5)
    at Pipe.onStreamRead (node:internal/stream_base_commons:189:23)[39m
